Watching for file changes with StatReloader
/Users/kundansharma/Desktop/FS_Rev_Media_Pr/DRF_API/person_project/person_project/settings.py changed, reloading.
Watching for file changes with StatReloader
/Users/kundansharma/Desktop/FS_Rev_Media_Pr/DRF_API/person_project/person_project/settings.py changed, reloading.
Watching for file changes with StatReloader
/Users/kundansharma/Desktop/FS_Rev_Media_Pr/DRF_API/person_project/person_project/settings.py changed, reloading.
Watching for file changes with StatReloader
Importing BlpImagePlugin
Importing BmpImagePlugin
Importing BufrStubImagePlugin
Importing CurImagePlugin
Importing DcxImagePlugin
Importing DdsImagePlugin
Importing EpsImagePlugin
Importing FitsImagePlugin
Importing FliImagePlugin
Importing FpxImagePlugin
Image: failed to import FpxImagePlugin: No module named 'olefile'
Importing FtexImagePlugin
Importing GbrImagePlugin
Importing GifImagePlugin
Importing GribStubImagePlugin
Importing Hdf5StubImagePlugin
Importing IcnsImagePlugin
Importing IcoImagePlugin
Importing ImImagePlugin
Importing ImtImagePlugin
Importing IptcImagePlugin
Importing JpegImagePlugin
Importing Jpeg2KImagePlugin
Importing McIdasImagePlugin
Importing MicImagePlugin
Image: failed to import MicImagePlugin: No module named 'olefile'
Importing MpegImagePlugin
Importing MpoImagePlugin
Importing MspImagePlugin
Importing PalmImagePlugin
Importing PcdImagePlugin
Importing PcxImagePlugin
Importing PdfImagePlugin
Importing PixarImagePlugin
Importing PngImagePlugin
Importing PpmImagePlugin
Importing PsdImagePlugin
Importing QoiImagePlugin
Importing SgiImagePlugin
Importing SpiderImagePlugin
Importing SunImagePlugin
Importing TgaImagePlugin
Importing TiffImagePlugin
Importing WebPImagePlugin
Importing WmfImagePlugin
Importing XbmImagePlugin
Importing XpmImagePlugin
Importing XVThumbImagePlugin
GET request handled successfully
An error occurred: No Person matches the given query.
Traceback (most recent call last):
  File "/Users/kundansharma/Desktop/FS_Rev_Media_Pr/DRF_API/venv/lib/python3.12/site-packages/django/shortcuts.py", line 86, in get_object_or_404
    return queryset.get(*args, **kwargs)
           ^^^^^^^^^^^^^^^^^^^^^^^^^^^^^
  File "/Users/kundansharma/Desktop/FS_Rev_Media_Pr/DRF_API/venv/lib/python3.12/site-packages/django/db/models/query.py", line 649, in get
    raise self.model.DoesNotExist(
person_app.models.Person.DoesNotExist: Person matching query does not exist.

During handling of the above exception, another exception occurred:

Traceback (most recent call last):
  File "/Users/kundansharma/Desktop/FS_Rev_Media_Pr/DRF_API/person_project/person_app/views.py", line 25, in get
    obj = get_object_or_404(Person, pk=pk)
          ^^^^^^^^^^^^^^^^^^^^^^^^^^^^^^^^
  File "/Users/kundansharma/Desktop/FS_Rev_Media_Pr/DRF_API/venv/lib/python3.12/site-packages/django/shortcuts.py", line 88, in get_object_or_404
    raise Http404(
django.http.response.Http404: No Person matches the given query.
Internal Server Error: /person_app/person/999
/Users/kundansharma/Desktop/FS_Rev_Media_Pr/DRF_API/person_project/person_app/views.py changed, reloading.
Watching for file changes with StatReloader
/Users/kundansharma/Desktop/FS_Rev_Media_Pr/DRF_API/person_project/person_app/views.py changed, reloading.
Watching for file changes with StatReloader
/Users/kundansharma/Desktop/FS_Rev_Media_Pr/DRF_API/person_project/person_app/views.py changed, reloading.
Watching for file changes with StatReloader
/Users/kundansharma/Desktop/FS_Rev_Media_Pr/DRF_API/person_project/person_app/views.py changed, reloading.
Watching for file changes with StatReloader
/Users/kundansharma/Desktop/FS_Rev_Media_Pr/DRF_API/person_project/person_app/views.py changed, reloading.
Watching for file changes with StatReloader
/Users/kundansharma/Desktop/FS_Rev_Media_Pr/DRF_API/person_project/person_app/views.py changed, reloading.
Watching for file changes with StatReloader
/Users/kundansharma/Desktop/FS_Rev_Media_Pr/DRF_API/person_project/person_app/views.py changed, reloading.
Watching for file changes with StatReloader
/Users/kundansharma/Desktop/FS_Rev_Media_Pr/DRF_API/person_project/person_app/views.py changed, reloading.
Watching for file changes with StatReloader
/Users/kundansharma/Desktop/FS_Rev_Media_Pr/DRF_API/person_project/person_app/views.py changed, reloading.
Watching for file changes with StatReloader
/Users/kundansharma/Desktop/FS_Rev_Media_Pr/DRF_API/person_project/person_app/views.py changed, reloading.
Watching for file changes with StatReloader
/Users/kundansharma/Desktop/FS_Rev_Media_Pr/DRF_API/person_project/person_app/views.py changed, reloading.
Watching for file changes with StatReloader
/Users/kundansharma/Desktop/FS_Rev_Media_Pr/DRF_API/person_project/person_app/views.py changed, reloading.
Watching for file changes with StatReloader
/Users/kundansharma/Desktop/FS_Rev_Media_Pr/DRF_API/person_project/person_app/views.py changed, reloading.
Watching for file changes with StatReloader
/Users/kundansharma/Desktop/FS_Rev_Media_Pr/DRF_API/person_project/person_app/views.py changed, reloading.
Watching for file changes with StatReloader
/Users/kundansharma/Desktop/FS_Rev_Media_Pr/DRF_API/person_project/person_app/views.py changed, reloading.
Watching for file changes with StatReloader
/Users/kundansharma/Desktop/FS_Rev_Media_Pr/DRF_API/person_project/person_app/views.py changed, reloading.
Watching for file changes with StatReloader
/Users/kundansharma/Desktop/FS_Rev_Media_Pr/DRF_API/person_project/person_app/views.py changed, reloading.
Watching for file changes with StatReloader
/Users/kundansharma/Desktop/FS_Rev_Media_Pr/DRF_API/person_project/person_app/views.py changed, reloading.
Watching for file changes with StatReloader
/Users/kundansharma/Desktop/FS_Rev_Media_Pr/DRF_API/person_project/person_app/views.py changed, reloading.
Watching for file changes with StatReloader
/Users/kundansharma/Desktop/FS_Rev_Media_Pr/DRF_API/person_project/person_app/views.py changed, reloading.
Watching for file changes with StatReloader
/Users/kundansharma/Desktop/FS_Rev_Media_Pr/DRF_API/person_project/person_app/views.py changed, reloading.
Watching for file changes with StatReloader
/Users/kundansharma/Desktop/FS_Rev_Media_Pr/DRF_API/person_project/person_app/views.py changed, reloading.
Watching for file changes with StatReloader
/Users/kundansharma/Desktop/FS_Rev_Media_Pr/DRF_API/person_project/person_app/views.py changed, reloading.
Watching for file changes with StatReloader
/Users/kundansharma/Desktop/FS_Rev_Media_Pr/DRF_API/person_project/person_app/views.py changed, reloading.
Watching for file changes with StatReloader
/Users/kundansharma/Desktop/FS_Rev_Media_Pr/DRF_API/person_project/person_app/views.py changed, reloading.
Watching for file changes with StatReloader
/Users/kundansharma/Desktop/FS_Rev_Media_Pr/DRF_API/person_project/person_app/views.py changed, reloading.
Watching for file changes with StatReloader
/Users/kundansharma/Desktop/FS_Rev_Media_Pr/DRF_API/person_project/person_app/views.py changed, reloading.
Watching for file changes with StatReloader
/Users/kundansharma/Desktop/FS_Rev_Media_Pr/DRF_API/person_project/person_app/views.py changed, reloading.
Watching for file changes with StatReloader
/Users/kundansharma/Desktop/FS_Rev_Media_Pr/DRF_API/person_project/person_app/views.py changed, reloading.
Watching for file changes with StatReloader
/Users/kundansharma/Desktop/FS_Rev_Media_Pr/DRF_API/person_project/person_app/views.py changed, reloading.
Watching for file changes with StatReloader
/Users/kundansharma/Desktop/FS_Rev_Media_Pr/DRF_API/person_project/person_app/views.py changed, reloading.
Watching for file changes with StatReloader
/Users/kundansharma/Desktop/FS_Rev_Media_Pr/DRF_API/person_project/person_app/views.py changed, reloading.
Watching for file changes with StatReloader
/Users/kundansharma/Desktop/FS_Rev_Media_Pr/DRF_API/person_project/person_app/views.py changed, reloading.
Watching for file changes with StatReloader
/Users/kundansharma/Desktop/FS_Rev_Media_Pr/DRF_API/person_project/person_app/views.py changed, reloading.
Watching for file changes with StatReloader
/Users/kundansharma/Desktop/FS_Rev_Media_Pr/DRF_API/person_project/person_app/views.py changed, reloading.
Watching for file changes with StatReloader
/Users/kundansharma/Desktop/FS_Rev_Media_Pr/DRF_API/person_project/person_app/views.py changed, reloading.
Watching for file changes with StatReloader
/Users/kundansharma/Desktop/FS_Rev_Media_Pr/DRF_API/person_project/person_app/views.py changed, reloading.
Watching for file changes with StatReloader
/Users/kundansharma/Desktop/FS_Rev_Media_Pr/DRF_API/person_project/person_app/views.py changed, reloading.
Watching for file changes with StatReloader
/Users/kundansharma/Desktop/FS_Rev_Media_Pr/DRF_API/person_project/person_app/views.py changed, reloading.
Watching for file changes with StatReloader
/Users/kundansharma/Desktop/FS_Rev_Media_Pr/DRF_API/person_project/person_app/views.py changed, reloading.
Watching for file changes with StatReloader
/Users/kundansharma/Desktop/FS_Rev_Media_Pr/DRF_API/person_project/person_app/views.py changed, reloading.
Watching for file changes with StatReloader
/Users/kundansharma/Desktop/FS_Rev_Media_Pr/DRF_API/person_project/person_app/views.py changed, reloading.
Watching for file changes with StatReloader
/Users/kundansharma/Desktop/FS_Rev_Media_Pr/DRF_API/person_project/person_app/views.py changed, reloading.
Watching for file changes with StatReloader
/Users/kundansharma/Desktop/FS_Rev_Media_Pr/DRF_API/person_project/person_app/views.py changed, reloading.
Watching for file changes with StatReloader
/Users/kundansharma/Desktop/FS_Rev_Media_Pr/DRF_API/person_project/person_app/views.py changed, reloading.
Watching for file changes with StatReloader
/Users/kundansharma/Desktop/FS_Rev_Media_Pr/DRF_API/person_project/person_app/views.py changed, reloading.
Watching for file changes with StatReloader
/Users/kundansharma/Desktop/FS_Rev_Media_Pr/DRF_API/person_project/person_app/views.py changed, reloading.
Watching for file changes with StatReloader
/Users/kundansharma/Desktop/FS_Rev_Media_Pr/DRF_API/person_project/person_app/views.py changed, reloading.
Watching for file changes with StatReloader
/Users/kundansharma/Desktop/FS_Rev_Media_Pr/DRF_API/person_project/person_app/views.py changed, reloading.
Watching for file changes with StatReloader
/Users/kundansharma/Desktop/FS_Rev_Media_Pr/DRF_API/person_project/person_app/views.py changed, reloading.
Watching for file changes with StatReloader
/Users/kundansharma/Desktop/FS_Rev_Media_Pr/DRF_API/person_project/person_app/views.py changed, reloading.
Watching for file changes with StatReloader
/Users/kundansharma/Desktop/FS_Rev_Media_Pr/DRF_API/person_project/person_app/views.py changed, reloading.
Watching for file changes with StatReloader
GET request for user with id None handled successfully
/Users/kundansharma/Desktop/FS_Rev_Media_Pr/DRF_API/person_project/person_app/views.py changed, reloading.
Watching for file changes with StatReloader
/Users/kundansharma/Desktop/FS_Rev_Media_Pr/DRF_API/person_project/person_app/views.py changed, reloading.
Watching for file changes with StatReloader
/Users/kundansharma/Desktop/FS_Rev_Media_Pr/DRF_API/person_project/person_app/views.py changed, reloading.
Watching for file changes with StatReloader
/Users/kundansharma/Desktop/FS_Rev_Media_Pr/DRF_API/person_project/person_app/views.py changed, reloading.
Watching for file changes with StatReloader
/Users/kundansharma/Desktop/FS_Rev_Media_Pr/DRF_API/person_project/person_app/views.py changed, reloading.
Watching for file changes with StatReloader
/Users/kundansharma/Desktop/FS_Rev_Media_Pr/DRF_API/person_project/person_app/views.py changed, reloading.
Watching for file changes with StatReloader
/Users/kundansharma/Desktop/FS_Rev_Media_Pr/DRF_API/person_project/person_app/views.py changed, reloading.
Watching for file changes with StatReloader
/Users/kundansharma/Desktop/FS_Rev_Media_Pr/DRF_API/person_project/person_app/views.py changed, reloading.
Watching for file changes with StatReloader
/Users/kundansharma/Desktop/FS_Rev_Media_Pr/DRF_API/person_project/person_app/views.py changed, reloading.
Watching for file changes with StatReloader
/Users/kundansharma/Desktop/FS_Rev_Media_Pr/DRF_API/person_project/person_app/views.py changed, reloading.
Watching for file changes with StatReloader
/Users/kundansharma/Desktop/FS_Rev_Media_Pr/DRF_API/person_project/person_app/views.py changed, reloading.
Watching for file changes with StatReloader
/Users/kundansharma/Desktop/FS_Rev_Media_Pr/DRF_API/person_project/person_app/views.py changed, reloading.
Watching for file changes with StatReloader
/Users/kundansharma/Desktop/FS_Rev_Media_Pr/DRF_API/person_project/person_app/views.py changed, reloading.
Watching for file changes with StatReloader
/Users/kundansharma/Desktop/FS_Rev_Media_Pr/DRF_API/person_project/person_app/views.py changed, reloading.
Watching for file changes with StatReloader
GET request for user with id {pk} has been handled successfully
/Users/kundansharma/Desktop/FS_Rev_Media_Pr/DRF_API/person_project/person_app/views.py changed, reloading.
Watching for file changes with StatReloader
GET request for user with id 16 has been handled successfully
/Users/kundansharma/Desktop/FS_Rev_Media_Pr/DRF_API/person_project/person_app/views.py changed, reloading.
Watching for file changes with StatReloader
/Users/kundansharma/Desktop/FS_Rev_Media_Pr/DRF_API/person_project/person_app/views.py changed, reloading.
Watching for file changes with StatReloader
/Users/kundansharma/Desktop/FS_Rev_Media_Pr/DRF_API/person_project/person_app/views.py changed, reloading.
Watching for file changes with StatReloader
/Users/kundansharma/Desktop/FS_Rev_Media_Pr/DRF_API/person_project/person_app/views.py changed, reloading.
Watching for file changes with StatReloader
/Users/kundansharma/Desktop/FS_Rev_Media_Pr/DRF_API/person_project/person_app/views.py changed, reloading.
Watching for file changes with StatReloader
/Users/kundansharma/Desktop/FS_Rev_Media_Pr/DRF_API/person_project/person_app/views.py changed, reloading.
Watching for file changes with StatReloader
/Users/kundansharma/Desktop/FS_Rev_Media_Pr/DRF_API/person_project/person_app/views.py changed, reloading.
Watching for file changes with StatReloader
/Users/kundansharma/Desktop/FS_Rev_Media_Pr/DRF_API/person_project/person_app/views.py changed, reloading.
Watching for file changes with StatReloader
/Users/kundansharma/Desktop/FS_Rev_Media_Pr/DRF_API/person_project/person_app/views.py changed, reloading.
Watching for file changes with StatReloader
/Users/kundansharma/Desktop/FS_Rev_Media_Pr/DRF_API/person_project/person_app/views.py changed, reloading.
Watching for file changes with StatReloader
/Users/kundansharma/Desktop/FS_Rev_Media_Pr/DRF_API/person_project/person_app/views.py changed, reloading.
Watching for file changes with StatReloader
/Users/kundansharma/Desktop/FS_Rev_Media_Pr/DRF_API/person_project/person_app/views.py changed, reloading.
Watching for file changes with StatReloader
/Users/kundansharma/Desktop/FS_Rev_Media_Pr/DRF_API/person_project/person_app/views.py changed, reloading.
Watching for file changes with StatReloader
/Users/kundansharma/Desktop/FS_Rev_Media_Pr/DRF_API/person_project/person_app/views.py changed, reloading.
Watching for file changes with StatReloader
/Users/kundansharma/Desktop/FS_Rev_Media_Pr/DRF_API/person_project/person_app/views.py changed, reloading.
Watching for file changes with StatReloader
/Users/kundansharma/Desktop/FS_Rev_Media_Pr/DRF_API/person_project/person_app/views.py changed, reloading.
Watching for file changes with StatReloader
/Users/kundansharma/Desktop/FS_Rev_Media_Pr/DRF_API/person_project/person_app/views.py changed, reloading.
Watching for file changes with StatReloader
/Users/kundansharma/Desktop/FS_Rev_Media_Pr/DRF_API/person_project/person_app/views.py changed, reloading.
Watching for file changes with StatReloader
/Users/kundansharma/Desktop/FS_Rev_Media_Pr/DRF_API/person_project/person_app/views.py changed, reloading.
Watching for file changes with StatReloader
/Users/kundansharma/Desktop/FS_Rev_Media_Pr/DRF_API/person_project/person_app/views.py changed, reloading.
Watching for file changes with StatReloader
/Users/kundansharma/Desktop/FS_Rev_Media_Pr/DRF_API/person_project/person_app/views.py changed, reloading.
Watching for file changes with StatReloader
/Users/kundansharma/Desktop/FS_Rev_Media_Pr/DRF_API/person_project/person_app/views.py changed, reloading.
Watching for file changes with StatReloader
/Users/kundansharma/Desktop/FS_Rev_Media_Pr/DRF_API/person_project/person_app/views.py changed, reloading.
Watching for file changes with StatReloader
/Users/kundansharma/Desktop/FS_Rev_Media_Pr/DRF_API/person_project/person_app/views.py changed, reloading.
Watching for file changes with StatReloader
/Users/kundansharma/Desktop/FS_Rev_Media_Pr/DRF_API/person_project/person_app/views.py changed, reloading.
Watching for file changes with StatReloader
/Users/kundansharma/Desktop/FS_Rev_Media_Pr/DRF_API/person_project/person_app/views.py changed, reloading.
Watching for file changes with StatReloader
/Users/kundansharma/Desktop/FS_Rev_Media_Pr/DRF_API/person_project/person_app/views.py changed, reloading.
Watching for file changes with StatReloader
/Users/kundansharma/Desktop/FS_Rev_Media_Pr/DRF_API/person_project/person_app/views.py changed, reloading.
Watching for file changes with StatReloader
/Users/kundansharma/Desktop/FS_Rev_Media_Pr/DRF_API/person_project/person_app/views.py changed, reloading.
Watching for file changes with StatReloader
/Users/kundansharma/Desktop/FS_Rev_Media_Pr/DRF_API/person_project/person_app/views.py changed, reloading.
Watching for file changes with StatReloader
/Users/kundansharma/Desktop/FS_Rev_Media_Pr/DRF_API/person_project/person_app/views.py changed, reloading.
Watching for file changes with StatReloader
/Users/kundansharma/Desktop/FS_Rev_Media_Pr/DRF_API/person_project/person_app/views.py changed, reloading.
Watching for file changes with StatReloader
/Users/kundansharma/Desktop/FS_Rev_Media_Pr/DRF_API/person_project/person_app/views.py changed, reloading.
Watching for file changes with StatReloader
/Users/kundansharma/Desktop/FS_Rev_Media_Pr/DRF_API/person_project/person_app/views.py changed, reloading.
Watching for file changes with StatReloader
/Users/kundansharma/Desktop/FS_Rev_Media_Pr/DRF_API/person_project/person_app/views.py changed, reloading.
Watching for file changes with StatReloader
